<?xml version="1.0" encoding="UTF-8"?>
<!-- Generated by org.testng.reporters.JUnitReportReporter -->
<testsuite hostname="PSSLDELAS2173" failures="0" tests="9" name="testNg.Login" time="0.393" errors="0" timestamp="2023-07-05T18:15:30 IST" skipped="1">
  <testcase classname="testNg.Login" name="TC001" time="0.370"/>
  <system-out/>
  <testcase classname="testNg.Login" name="TC004" time="0.002"/>
  <system-out/>
  <testcase classname="testNg.Login" name="TC003" time="0.003"/>
  <system-out/>
  <testcase classname="testNg.Login" name="TC003" time="0.003"/>
  <system-out/>
  <testcase classname="testNg.Login" name="TC005" time="0.002"/>
  <system-out/>
  <testcase classname="testNg.Login" name="TC002" time="0.003">
    <skipped/>
  </testcase> <!-- TC002 -->
  <system-out/>
  <testcase classname="testNg.Login" name="TC003" time="0.003"/>
  <system-out/>
  <testcase classname="testNg.Login" name="TC003" time="0.004"/>
  <system-out/>
  <testcase classname="testNg.Login" name="TC003" time="0.003"/>
  <system-out/>
</testsuite> <!-- testNg.Login -->
